ARM GAS  C:\Users\asafw\AppData\Local\Temp\ccDhd1eT.s 			page 1


   1              		.cpu cortex-m4
   2              		.eabi_attribute 27, 1
   3              		.eabi_attribute 28, 1
   4              		.eabi_attribute 20, 1
   5              		.eabi_attribute 21, 1
   6              		.eabi_attribute 23, 3
   7              		.eabi_attribute 24, 1
   8              		.eabi_attribute 25, 1
   9              		.eabi_attribute 26, 1
  10              		.eabi_attribute 30, 1
  11              		.eabi_attribute 34, 1
  12              		.eabi_attribute 18, 4
  13              		.file	"stm32f4xx_hal_msp.c"
  14              		.text
  15              	.Ltext0:
  16              		.cfi_sections	.debug_frame
  17              		.section	.text.HAL_MspInit,"ax",%progbits
  18              		.align	1
  19              		.global	HAL_MspInit
  20              		.arch armv7e-m
  21              		.syntax unified
  22              		.thumb
  23              		.thumb_func
  24              		.fpu fpv4-sp-d16
  26              	HAL_MspInit:
  27              	.LFB130:
  28              		.file 1 "Src/stm32f4xx_hal_msp.c"
   1:Src/stm32f4xx_hal_msp.c **** /* USER CODE BEGIN Header */
   2:Src/stm32f4xx_hal_msp.c **** /**
   3:Src/stm32f4xx_hal_msp.c ****   ******************************************************************************
   4:Src/stm32f4xx_hal_msp.c ****   * File Name          : stm32f4xx_hal_msp.c
   5:Src/stm32f4xx_hal_msp.c ****   * Description        : This file provides code for the MSP Initialization 
   6:Src/stm32f4xx_hal_msp.c ****   *                      and de-Initialization codes.
   7:Src/stm32f4xx_hal_msp.c ****   ******************************************************************************
   8:Src/stm32f4xx_hal_msp.c ****   * @attention
   9:Src/stm32f4xx_hal_msp.c ****   *
  10:Src/stm32f4xx_hal_msp.c ****   * <h2><center>&copy; Copyright (c) 2020 STMicroelectronics.
  11:Src/stm32f4xx_hal_msp.c ****   * All rights reserved.</center></h2>
  12:Src/stm32f4xx_hal_msp.c ****   *
  13:Src/stm32f4xx_hal_msp.c ****   * This software component is licensed by ST under BSD 3-Clause license,
  14:Src/stm32f4xx_hal_msp.c ****   * the "License"; You may not use this file except in compliance with the
  15:Src/stm32f4xx_hal_msp.c ****   * License. You may obtain a copy of the License at:
  16:Src/stm32f4xx_hal_msp.c ****   *                        opensource.org/licenses/BSD-3-Clause
  17:Src/stm32f4xx_hal_msp.c ****   *
  18:Src/stm32f4xx_hal_msp.c ****   ******************************************************************************
  19:Src/stm32f4xx_hal_msp.c ****   */
  20:Src/stm32f4xx_hal_msp.c **** /* USER CODE END Header */
  21:Src/stm32f4xx_hal_msp.c **** 
  22:Src/stm32f4xx_hal_msp.c **** /* Includes ------------------------------------------------------------------*/
  23:Src/stm32f4xx_hal_msp.c **** #include "main.h"
  24:Src/stm32f4xx_hal_msp.c **** /* USER CODE BEGIN Includes */
  25:Src/stm32f4xx_hal_msp.c **** 
  26:Src/stm32f4xx_hal_msp.c **** /* USER CODE END Includes */
  27:Src/stm32f4xx_hal_msp.c **** 
  28:Src/stm32f4xx_hal_msp.c **** /* Private typedef -----------------------------------------------------------*/
  29:Src/stm32f4xx_hal_msp.c **** /* USER CODE BEGIN TD */
  30:Src/stm32f4xx_hal_msp.c **** 
ARM GAS  C:\Users\asafw\AppData\Local\Temp\ccDhd1eT.s 			page 2


  31:Src/stm32f4xx_hal_msp.c **** /* USER CODE END TD */
  32:Src/stm32f4xx_hal_msp.c **** 
  33:Src/stm32f4xx_hal_msp.c **** /* Private define ------------------------------------------------------------*/
  34:Src/stm32f4xx_hal_msp.c **** /* USER CODE BEGIN Define */
  35:Src/stm32f4xx_hal_msp.c ****  
  36:Src/stm32f4xx_hal_msp.c **** /* USER CODE END Define */
  37:Src/stm32f4xx_hal_msp.c **** 
  38:Src/stm32f4xx_hal_msp.c **** /* Private macro -------------------------------------------------------------*/
  39:Src/stm32f4xx_hal_msp.c **** /* USER CODE BEGIN Macro */
  40:Src/stm32f4xx_hal_msp.c **** 
  41:Src/stm32f4xx_hal_msp.c **** /* USER CODE END Macro */
  42:Src/stm32f4xx_hal_msp.c **** 
  43:Src/stm32f4xx_hal_msp.c **** /* Private variables ---------------------------------------------------------*/
  44:Src/stm32f4xx_hal_msp.c **** /* USER CODE BEGIN PV */
  45:Src/stm32f4xx_hal_msp.c **** 
  46:Src/stm32f4xx_hal_msp.c **** /* USER CODE END PV */
  47:Src/stm32f4xx_hal_msp.c **** 
  48:Src/stm32f4xx_hal_msp.c **** /* Private function prototypes -----------------------------------------------*/
  49:Src/stm32f4xx_hal_msp.c **** /* USER CODE BEGIN PFP */
  50:Src/stm32f4xx_hal_msp.c **** 
  51:Src/stm32f4xx_hal_msp.c **** /* USER CODE END PFP */
  52:Src/stm32f4xx_hal_msp.c **** 
  53:Src/stm32f4xx_hal_msp.c **** /* External functions --------------------------------------------------------*/
  54:Src/stm32f4xx_hal_msp.c **** /* USER CODE BEGIN ExternalFunctions */
  55:Src/stm32f4xx_hal_msp.c **** 
  56:Src/stm32f4xx_hal_msp.c **** /* USER CODE END ExternalFunctions */
  57:Src/stm32f4xx_hal_msp.c **** 
  58:Src/stm32f4xx_hal_msp.c **** /* USER CODE BEGIN 0 */
  59:Src/stm32f4xx_hal_msp.c **** 
  60:Src/stm32f4xx_hal_msp.c **** /* USER CODE END 0 */
  61:Src/stm32f4xx_hal_msp.c **** /**
  62:Src/stm32f4xx_hal_msp.c ****   * Initializes the Global MSP.
  63:Src/stm32f4xx_hal_msp.c ****   */
  64:Src/stm32f4xx_hal_msp.c **** void HAL_MspInit(void)
  65:Src/stm32f4xx_hal_msp.c **** {
  29              		.loc 1 65 1 view -0
  30              		.cfi_startproc
  31              		@ args = 0, pretend = 0, frame = 8
  32              		@ frame_needed = 0, uses_anonymous_args = 0
  33 0000 00B5     		push	{lr}
  34              	.LCFI0:
  35              		.cfi_def_cfa_offset 4
  36              		.cfi_offset 14, -4
  37 0002 83B0     		sub	sp, sp, #12
  38              	.LCFI1:
  39              		.cfi_def_cfa_offset 16
  66:Src/stm32f4xx_hal_msp.c ****   /* USER CODE BEGIN MspInit 0 */
  67:Src/stm32f4xx_hal_msp.c **** 
  68:Src/stm32f4xx_hal_msp.c ****   /* USER CODE END MspInit 0 */
  69:Src/stm32f4xx_hal_msp.c **** 
  70:Src/stm32f4xx_hal_msp.c ****   __HAL_RCC_SYSCFG_CLK_ENABLE();
  40              		.loc 1 70 3 view .LVU1
  41              	.LBB2:
  42              		.loc 1 70 3 view .LVU2
  43 0004 0021     		movs	r1, #0
  44 0006 0091     		str	r1, [sp]
  45              		.loc 1 70 3 view .LVU3
ARM GAS  C:\Users\asafw\AppData\Local\Temp\ccDhd1eT.s 			page 3


  46 0008 0C4B     		ldr	r3, .L3
  47 000a 5A6C     		ldr	r2, [r3, #68]
  48 000c 42F48042 		orr	r2, r2, #16384
  49 0010 5A64     		str	r2, [r3, #68]
  50              		.loc 1 70 3 view .LVU4
  51 0012 5A6C     		ldr	r2, [r3, #68]
  52 0014 02F48042 		and	r2, r2, #16384
  53 0018 0092     		str	r2, [sp]
  54              		.loc 1 70 3 view .LVU5
  55 001a 009A     		ldr	r2, [sp]
  56              	.LBE2:
  57              		.loc 1 70 3 view .LVU6
  71:Src/stm32f4xx_hal_msp.c ****   __HAL_RCC_PWR_CLK_ENABLE();
  58              		.loc 1 71 3 view .LVU7
  59              	.LBB3:
  60              		.loc 1 71 3 view .LVU8
  61 001c 0191     		str	r1, [sp, #4]
  62              		.loc 1 71 3 view .LVU9
  63 001e 1A6C     		ldr	r2, [r3, #64]
  64 0020 42F08052 		orr	r2, r2, #268435456
  65 0024 1A64     		str	r2, [r3, #64]
  66              		.loc 1 71 3 view .LVU10
  67 0026 1B6C     		ldr	r3, [r3, #64]
  68 0028 03F08053 		and	r3, r3, #268435456
  69 002c 0193     		str	r3, [sp, #4]
  70              		.loc 1 71 3 view .LVU11
  71 002e 019B     		ldr	r3, [sp, #4]
  72              	.LBE3:
  73              		.loc 1 71 3 view .LVU12
  72:Src/stm32f4xx_hal_msp.c **** 
  73:Src/stm32f4xx_hal_msp.c ****   HAL_NVIC_SetPriorityGrouping(NVIC_PRIORITYGROUP_0);
  74              		.loc 1 73 3 view .LVU13
  75 0030 0720     		movs	r0, #7
  76 0032 FFF7FEFF 		bl	HAL_NVIC_SetPriorityGrouping
  77              	.LVL0:
  74:Src/stm32f4xx_hal_msp.c **** 
  75:Src/stm32f4xx_hal_msp.c ****   /* System interrupt init*/
  76:Src/stm32f4xx_hal_msp.c **** 
  77:Src/stm32f4xx_hal_msp.c ****   /* USER CODE BEGIN MspInit 1 */
  78:Src/stm32f4xx_hal_msp.c **** 
  79:Src/stm32f4xx_hal_msp.c ****   /* USER CODE END MspInit 1 */
  80:Src/stm32f4xx_hal_msp.c **** }
  78              		.loc 1 80 1 is_stmt 0 view .LVU14
  79 0036 03B0     		add	sp, sp, #12
  80              	.LCFI2:
  81              		.cfi_def_cfa_offset 4
  82              		@ sp needed
  83 0038 5DF804FB 		ldr	pc, [sp], #4
  84              	.L4:
  85              		.align	2
  86              	.L3:
  87 003c 00380240 		.word	1073887232
  88              		.cfi_endproc
  89              	.LFE130:
  91              		.section	.text.HAL_I2C_MspInit,"ax",%progbits
  92              		.align	1
  93              		.global	HAL_I2C_MspInit
ARM GAS  C:\Users\asafw\AppData\Local\Temp\ccDhd1eT.s 			page 4


  94              		.syntax unified
  95              		.thumb
  96              		.thumb_func
  97              		.fpu fpv4-sp-d16
  99              	HAL_I2C_MspInit:
 100              	.LVL1:
 101              	.LFB131:
  81:Src/stm32f4xx_hal_msp.c **** 
  82:Src/stm32f4xx_hal_msp.c **** /**
  83:Src/stm32f4xx_hal_msp.c **** * @brief I2C MSP Initialization
  84:Src/stm32f4xx_hal_msp.c **** * This function configures the hardware resources used in this example
  85:Src/stm32f4xx_hal_msp.c **** * @param hi2c: I2C handle pointer
  86:Src/stm32f4xx_hal_msp.c **** * @retval None
  87:Src/stm32f4xx_hal_msp.c **** */
  88:Src/stm32f4xx_hal_msp.c **** void HAL_I2C_MspInit(I2C_HandleTypeDef* hi2c)
  89:Src/stm32f4xx_hal_msp.c **** {
 102              		.loc 1 89 1 is_stmt 1 view -0
 103              		.cfi_startproc
 104              		@ args = 0, pretend = 0, frame = 32
 105              		@ frame_needed = 0, uses_anonymous_args = 0
 106              		.loc 1 89 1 is_stmt 0 view .LVU16
 107 0000 30B5     		push	{r4, r5, lr}
 108              	.LCFI3:
 109              		.cfi_def_cfa_offset 12
 110              		.cfi_offset 4, -12
 111              		.cfi_offset 5, -8
 112              		.cfi_offset 14, -4
 113 0002 89B0     		sub	sp, sp, #36
 114              	.LCFI4:
 115              		.cfi_def_cfa_offset 48
  90:Src/stm32f4xx_hal_msp.c ****   GPIO_InitTypeDef GPIO_InitStruct = {0};
 116              		.loc 1 90 3 is_stmt 1 view .LVU17
 117              		.loc 1 90 20 is_stmt 0 view .LVU18
 118 0004 0023     		movs	r3, #0
 119 0006 0393     		str	r3, [sp, #12]
 120 0008 0493     		str	r3, [sp, #16]
 121 000a 0593     		str	r3, [sp, #20]
 122 000c 0693     		str	r3, [sp, #24]
 123 000e 0793     		str	r3, [sp, #28]
  91:Src/stm32f4xx_hal_msp.c ****   if(hi2c->Instance==I2C1)
 124              		.loc 1 91 3 is_stmt 1 view .LVU19
 125              		.loc 1 91 10 is_stmt 0 view .LVU20
 126 0010 0268     		ldr	r2, [r0]
 127              		.loc 1 91 5 view .LVU21
 128 0012 154B     		ldr	r3, .L9
 129 0014 9A42     		cmp	r2, r3
 130 0016 01D0     		beq	.L8
 131              	.LVL2:
 132              	.L5:
  92:Src/stm32f4xx_hal_msp.c ****   {
  93:Src/stm32f4xx_hal_msp.c ****   /* USER CODE BEGIN I2C1_MspInit 0 */
  94:Src/stm32f4xx_hal_msp.c **** 
  95:Src/stm32f4xx_hal_msp.c ****   /* USER CODE END I2C1_MspInit 0 */
  96:Src/stm32f4xx_hal_msp.c ****   
  97:Src/stm32f4xx_hal_msp.c ****     __HAL_RCC_GPIOB_CLK_ENABLE();
  98:Src/stm32f4xx_hal_msp.c ****     /**I2C1 GPIO Configuration    
  99:Src/stm32f4xx_hal_msp.c ****     PB6     ------> I2C1_SCL
ARM GAS  C:\Users\asafw\AppData\Local\Temp\ccDhd1eT.s 			page 5


 100:Src/stm32f4xx_hal_msp.c ****     PB7     ------> I2C1_SDA 
 101:Src/stm32f4xx_hal_msp.c ****     */
 102:Src/stm32f4xx_hal_msp.c ****     GPIO_InitStruct.Pin = GPIO_PIN_6|GPIO_PIN_7;
 103:Src/stm32f4xx_hal_msp.c ****     GPIO_InitStruct.Mode = GPIO_MODE_AF_OD;
 104:Src/stm32f4xx_hal_msp.c ****     GPIO_InitStruct.Pull = GPIO_PULLUP;
 105:Src/stm32f4xx_hal_msp.c ****     GPIO_InitStruct.Speed = GPIO_SPEED_FREQ_VERY_HIGH;
 106:Src/stm32f4xx_hal_msp.c ****     GPIO_InitStruct.Alternate = GPIO_AF4_I2C1;
 107:Src/stm32f4xx_hal_msp.c ****     HAL_GPIO_Init(GPIOB, &GPIO_InitStruct);
 108:Src/stm32f4xx_hal_msp.c **** 
 109:Src/stm32f4xx_hal_msp.c ****     /* Peripheral clock enable */
 110:Src/stm32f4xx_hal_msp.c ****     __HAL_RCC_I2C1_CLK_ENABLE();
 111:Src/stm32f4xx_hal_msp.c ****   /* USER CODE BEGIN I2C1_MspInit 1 */
 112:Src/stm32f4xx_hal_msp.c **** 
 113:Src/stm32f4xx_hal_msp.c ****   /* USER CODE END I2C1_MspInit 1 */
 114:Src/stm32f4xx_hal_msp.c ****   }
 115:Src/stm32f4xx_hal_msp.c **** 
 116:Src/stm32f4xx_hal_msp.c **** }
 133              		.loc 1 116 1 view .LVU22
 134 0018 09B0     		add	sp, sp, #36
 135              	.LCFI5:
 136              		.cfi_remember_state
 137              		.cfi_def_cfa_offset 12
 138              		@ sp needed
 139 001a 30BD     		pop	{r4, r5, pc}
 140              	.LVL3:
 141              	.L8:
 142              	.LCFI6:
 143              		.cfi_restore_state
  97:Src/stm32f4xx_hal_msp.c ****     /**I2C1 GPIO Configuration    
 144              		.loc 1 97 5 is_stmt 1 view .LVU23
 145              	.LBB4:
  97:Src/stm32f4xx_hal_msp.c ****     /**I2C1 GPIO Configuration    
 146              		.loc 1 97 5 view .LVU24
 147 001c 0025     		movs	r5, #0
 148 001e 0195     		str	r5, [sp, #4]
  97:Src/stm32f4xx_hal_msp.c ****     /**I2C1 GPIO Configuration    
 149              		.loc 1 97 5 view .LVU25
 150 0020 124C     		ldr	r4, .L9+4
 151 0022 236B     		ldr	r3, [r4, #48]
 152 0024 43F00203 		orr	r3, r3, #2
 153 0028 2363     		str	r3, [r4, #48]
  97:Src/stm32f4xx_hal_msp.c ****     /**I2C1 GPIO Configuration    
 154              		.loc 1 97 5 view .LVU26
 155 002a 236B     		ldr	r3, [r4, #48]
 156 002c 03F00203 		and	r3, r3, #2
 157 0030 0193     		str	r3, [sp, #4]
  97:Src/stm32f4xx_hal_msp.c ****     /**I2C1 GPIO Configuration    
 158              		.loc 1 97 5 view .LVU27
 159 0032 019B     		ldr	r3, [sp, #4]
 160              	.LBE4:
  97:Src/stm32f4xx_hal_msp.c ****     /**I2C1 GPIO Configuration    
 161              		.loc 1 97 5 view .LVU28
 102:Src/stm32f4xx_hal_msp.c ****     GPIO_InitStruct.Mode = GPIO_MODE_AF_OD;
 162              		.loc 1 102 5 view .LVU29
 102:Src/stm32f4xx_hal_msp.c ****     GPIO_InitStruct.Mode = GPIO_MODE_AF_OD;
 163              		.loc 1 102 25 is_stmt 0 view .LVU30
 164 0034 C023     		movs	r3, #192
ARM GAS  C:\Users\asafw\AppData\Local\Temp\ccDhd1eT.s 			page 6


 165 0036 0393     		str	r3, [sp, #12]
 103:Src/stm32f4xx_hal_msp.c ****     GPIO_InitStruct.Pull = GPIO_PULLUP;
 166              		.loc 1 103 5 is_stmt 1 view .LVU31
 103:Src/stm32f4xx_hal_msp.c ****     GPIO_InitStruct.Pull = GPIO_PULLUP;
 167              		.loc 1 103 26 is_stmt 0 view .LVU32
 168 0038 1223     		movs	r3, #18
 169 003a 0493     		str	r3, [sp, #16]
 104:Src/stm32f4xx_hal_msp.c ****     GPIO_InitStruct.Speed = GPIO_SPEED_FREQ_VERY_HIGH;
 170              		.loc 1 104 5 is_stmt 1 view .LVU33
 104:Src/stm32f4xx_hal_msp.c ****     GPIO_InitStruct.Speed = GPIO_SPEED_FREQ_VERY_HIGH;
 171              		.loc 1 104 26 is_stmt 0 view .LVU34
 172 003c 0123     		movs	r3, #1
 173 003e 0593     		str	r3, [sp, #20]
 105:Src/stm32f4xx_hal_msp.c ****     GPIO_InitStruct.Alternate = GPIO_AF4_I2C1;
 174              		.loc 1 105 5 is_stmt 1 view .LVU35
 105:Src/stm32f4xx_hal_msp.c ****     GPIO_InitStruct.Alternate = GPIO_AF4_I2C1;
 175              		.loc 1 105 27 is_stmt 0 view .LVU36
 176 0040 0323     		movs	r3, #3
 177 0042 0693     		str	r3, [sp, #24]
 106:Src/stm32f4xx_hal_msp.c ****     HAL_GPIO_Init(GPIOB, &GPIO_InitStruct);
 178              		.loc 1 106 5 is_stmt 1 view .LVU37
 106:Src/stm32f4xx_hal_msp.c ****     HAL_GPIO_Init(GPIOB, &GPIO_InitStruct);
 179              		.loc 1 106 31 is_stmt 0 view .LVU38
 180 0044 0423     		movs	r3, #4
 181 0046 0793     		str	r3, [sp, #28]
 107:Src/stm32f4xx_hal_msp.c **** 
 182              		.loc 1 107 5 is_stmt 1 view .LVU39
 183 0048 03A9     		add	r1, sp, #12
 184 004a 0948     		ldr	r0, .L9+8
 185              	.LVL4:
 107:Src/stm32f4xx_hal_msp.c **** 
 186              		.loc 1 107 5 is_stmt 0 view .LVU40
 187 004c FFF7FEFF 		bl	HAL_GPIO_Init
 188              	.LVL5:
 110:Src/stm32f4xx_hal_msp.c ****   /* USER CODE BEGIN I2C1_MspInit 1 */
 189              		.loc 1 110 5 is_stmt 1 view .LVU41
 190              	.LBB5:
 110:Src/stm32f4xx_hal_msp.c ****   /* USER CODE BEGIN I2C1_MspInit 1 */
 191              		.loc 1 110 5 view .LVU42
 192 0050 0295     		str	r5, [sp, #8]
 110:Src/stm32f4xx_hal_msp.c ****   /* USER CODE BEGIN I2C1_MspInit 1 */
 193              		.loc 1 110 5 view .LVU43
 194 0052 236C     		ldr	r3, [r4, #64]
 195 0054 43F40013 		orr	r3, r3, #2097152
 196 0058 2364     		str	r3, [r4, #64]
 110:Src/stm32f4xx_hal_msp.c ****   /* USER CODE BEGIN I2C1_MspInit 1 */
 197              		.loc 1 110 5 view .LVU44
 198 005a 236C     		ldr	r3, [r4, #64]
 199 005c 03F40013 		and	r3, r3, #2097152
 200 0060 0293     		str	r3, [sp, #8]
 110:Src/stm32f4xx_hal_msp.c ****   /* USER CODE BEGIN I2C1_MspInit 1 */
 201              		.loc 1 110 5 view .LVU45
 202 0062 029B     		ldr	r3, [sp, #8]
 203              	.LBE5:
 110:Src/stm32f4xx_hal_msp.c ****   /* USER CODE BEGIN I2C1_MspInit 1 */
 204              		.loc 1 110 5 view .LVU46
 205              		.loc 1 116 1 is_stmt 0 view .LVU47
ARM GAS  C:\Users\asafw\AppData\Local\Temp\ccDhd1eT.s 			page 7


 206 0064 D8E7     		b	.L5
 207              	.L10:
 208 0066 00BF     		.align	2
 209              	.L9:
 210 0068 00540040 		.word	1073763328
 211 006c 00380240 		.word	1073887232
 212 0070 00040240 		.word	1073873920
 213              		.cfi_endproc
 214              	.LFE131:
 216              		.section	.text.HAL_I2C_MspDeInit,"ax",%progbits
 217              		.align	1
 218              		.global	HAL_I2C_MspDeInit
 219              		.syntax unified
 220              		.thumb
 221              		.thumb_func
 222              		.fpu fpv4-sp-d16
 224              	HAL_I2C_MspDeInit:
 225              	.LVL6:
 226              	.LFB132:
 117:Src/stm32f4xx_hal_msp.c **** 
 118:Src/stm32f4xx_hal_msp.c **** /**
 119:Src/stm32f4xx_hal_msp.c **** * @brief I2C MSP De-Initialization
 120:Src/stm32f4xx_hal_msp.c **** * This function freeze the hardware resources used in this example
 121:Src/stm32f4xx_hal_msp.c **** * @param hi2c: I2C handle pointer
 122:Src/stm32f4xx_hal_msp.c **** * @retval None
 123:Src/stm32f4xx_hal_msp.c **** */
 124:Src/stm32f4xx_hal_msp.c **** void HAL_I2C_MspDeInit(I2C_HandleTypeDef* hi2c)
 125:Src/stm32f4xx_hal_msp.c **** {
 227              		.loc 1 125 1 is_stmt 1 view -0
 228              		.cfi_startproc
 229              		@ args = 0, pretend = 0, frame = 0
 230              		@ frame_needed = 0, uses_anonymous_args = 0
 231              		.loc 1 125 1 is_stmt 0 view .LVU49
 232 0000 08B5     		push	{r3, lr}
 233              	.LCFI7:
 234              		.cfi_def_cfa_offset 8
 235              		.cfi_offset 3, -8
 236              		.cfi_offset 14, -4
 126:Src/stm32f4xx_hal_msp.c ****   if(hi2c->Instance==I2C1)
 237              		.loc 1 126 3 is_stmt 1 view .LVU50
 238              		.loc 1 126 10 is_stmt 0 view .LVU51
 239 0002 0268     		ldr	r2, [r0]
 240              		.loc 1 126 5 view .LVU52
 241 0004 064B     		ldr	r3, .L15
 242 0006 9A42     		cmp	r2, r3
 243 0008 00D0     		beq	.L14
 244              	.LVL7:
 245              	.L11:
 127:Src/stm32f4xx_hal_msp.c ****   {
 128:Src/stm32f4xx_hal_msp.c ****   /* USER CODE BEGIN I2C1_MspDeInit 0 */
 129:Src/stm32f4xx_hal_msp.c **** 
 130:Src/stm32f4xx_hal_msp.c ****   /* USER CODE END I2C1_MspDeInit 0 */
 131:Src/stm32f4xx_hal_msp.c ****     /* Peripheral clock disable */
 132:Src/stm32f4xx_hal_msp.c ****     __HAL_RCC_I2C1_CLK_DISABLE();
 133:Src/stm32f4xx_hal_msp.c ****   
 134:Src/stm32f4xx_hal_msp.c ****     /**I2C1 GPIO Configuration    
 135:Src/stm32f4xx_hal_msp.c ****     PB6     ------> I2C1_SCL
ARM GAS  C:\Users\asafw\AppData\Local\Temp\ccDhd1eT.s 			page 8


 136:Src/stm32f4xx_hal_msp.c ****     PB7     ------> I2C1_SDA 
 137:Src/stm32f4xx_hal_msp.c ****     */
 138:Src/stm32f4xx_hal_msp.c ****     HAL_GPIO_DeInit(GPIOB, GPIO_PIN_6|GPIO_PIN_7);
 139:Src/stm32f4xx_hal_msp.c **** 
 140:Src/stm32f4xx_hal_msp.c ****   /* USER CODE BEGIN I2C1_MspDeInit 1 */
 141:Src/stm32f4xx_hal_msp.c **** 
 142:Src/stm32f4xx_hal_msp.c ****   /* USER CODE END I2C1_MspDeInit 1 */
 143:Src/stm32f4xx_hal_msp.c ****   }
 144:Src/stm32f4xx_hal_msp.c **** 
 145:Src/stm32f4xx_hal_msp.c **** }
 246              		.loc 1 145 1 view .LVU53
 247 000a 08BD     		pop	{r3, pc}
 248              	.LVL8:
 249              	.L14:
 132:Src/stm32f4xx_hal_msp.c ****   
 250              		.loc 1 132 5 is_stmt 1 view .LVU54
 251 000c 054A     		ldr	r2, .L15+4
 252 000e 136C     		ldr	r3, [r2, #64]
 253 0010 23F40013 		bic	r3, r3, #2097152
 254 0014 1364     		str	r3, [r2, #64]
 138:Src/stm32f4xx_hal_msp.c **** 
 255              		.loc 1 138 5 view .LVU55
 256 0016 C021     		movs	r1, #192
 257 0018 0348     		ldr	r0, .L15+8
 258              	.LVL9:
 138:Src/stm32f4xx_hal_msp.c **** 
 259              		.loc 1 138 5 is_stmt 0 view .LVU56
 260 001a FFF7FEFF 		bl	HAL_GPIO_DeInit
 261              	.LVL10:
 262              		.loc 1 145 1 view .LVU57
 263 001e F4E7     		b	.L11
 264              	.L16:
 265              		.align	2
 266              	.L15:
 267 0020 00540040 		.word	1073763328
 268 0024 00380240 		.word	1073887232
 269 0028 00040240 		.word	1073873920
 270              		.cfi_endproc
 271              	.LFE132:
 273              		.section	.text.HAL_UART_MspInit,"ax",%progbits
 274              		.align	1
 275              		.global	HAL_UART_MspInit
 276              		.syntax unified
 277              		.thumb
 278              		.thumb_func
 279              		.fpu fpv4-sp-d16
 281              	HAL_UART_MspInit:
 282              	.LVL11:
 283              	.LFB133:
 146:Src/stm32f4xx_hal_msp.c **** 
 147:Src/stm32f4xx_hal_msp.c **** /**
 148:Src/stm32f4xx_hal_msp.c **** * @brief UART MSP Initialization
 149:Src/stm32f4xx_hal_msp.c **** * This function configures the hardware resources used in this example
 150:Src/stm32f4xx_hal_msp.c **** * @param huart: UART handle pointer
 151:Src/stm32f4xx_hal_msp.c **** * @retval None
 152:Src/stm32f4xx_hal_msp.c **** */
 153:Src/stm32f4xx_hal_msp.c **** void HAL_UART_MspInit(UART_HandleTypeDef* huart)
ARM GAS  C:\Users\asafw\AppData\Local\Temp\ccDhd1eT.s 			page 9


 154:Src/stm32f4xx_hal_msp.c **** {
 284              		.loc 1 154 1 is_stmt 1 view -0
 285              		.cfi_startproc
 286              		@ args = 0, pretend = 0, frame = 32
 287              		@ frame_needed = 0, uses_anonymous_args = 0
 288              		.loc 1 154 1 is_stmt 0 view .LVU59
 289 0000 00B5     		push	{lr}
 290              	.LCFI8:
 291              		.cfi_def_cfa_offset 4
 292              		.cfi_offset 14, -4
 293 0002 89B0     		sub	sp, sp, #36
 294              	.LCFI9:
 295              		.cfi_def_cfa_offset 40
 155:Src/stm32f4xx_hal_msp.c ****   GPIO_InitTypeDef GPIO_InitStruct = {0};
 296              		.loc 1 155 3 is_stmt 1 view .LVU60
 297              		.loc 1 155 20 is_stmt 0 view .LVU61
 298 0004 0023     		movs	r3, #0
 299 0006 0393     		str	r3, [sp, #12]
 300 0008 0493     		str	r3, [sp, #16]
 301 000a 0593     		str	r3, [sp, #20]
 302 000c 0693     		str	r3, [sp, #24]
 303 000e 0793     		str	r3, [sp, #28]
 156:Src/stm32f4xx_hal_msp.c ****   if(huart->Instance==USART2)
 304              		.loc 1 156 3 is_stmt 1 view .LVU62
 305              		.loc 1 156 11 is_stmt 0 view .LVU63
 306 0010 0268     		ldr	r2, [r0]
 307              		.loc 1 156 5 view .LVU64
 308 0012 154B     		ldr	r3, .L21
 309 0014 9A42     		cmp	r2, r3
 310 0016 02D0     		beq	.L20
 311              	.LVL12:
 312              	.L17:
 157:Src/stm32f4xx_hal_msp.c ****   {
 158:Src/stm32f4xx_hal_msp.c ****   /* USER CODE BEGIN USART2_MspInit 0 */
 159:Src/stm32f4xx_hal_msp.c **** 
 160:Src/stm32f4xx_hal_msp.c ****   /* USER CODE END USART2_MspInit 0 */
 161:Src/stm32f4xx_hal_msp.c ****     /* Peripheral clock enable */
 162:Src/stm32f4xx_hal_msp.c ****     __HAL_RCC_USART2_CLK_ENABLE();
 163:Src/stm32f4xx_hal_msp.c ****   
 164:Src/stm32f4xx_hal_msp.c ****     __HAL_RCC_GPIOA_CLK_ENABLE();
 165:Src/stm32f4xx_hal_msp.c ****     /**USART2 GPIO Configuration    
 166:Src/stm32f4xx_hal_msp.c ****     PA2     ------> USART2_TX
 167:Src/stm32f4xx_hal_msp.c ****     PA3     ------> USART2_RX 
 168:Src/stm32f4xx_hal_msp.c ****     */
 169:Src/stm32f4xx_hal_msp.c ****     GPIO_InitStruct.Pin = USART_TX_Pin|USART_RX_Pin;
 170:Src/stm32f4xx_hal_msp.c ****     GPIO_InitStruct.Mode = GPIO_MODE_AF_PP;
 171:Src/stm32f4xx_hal_msp.c ****     GPIO_InitStruct.Pull = GPIO_NOPULL;
 172:Src/stm32f4xx_hal_msp.c ****     GPIO_InitStruct.Speed = GPIO_SPEED_FREQ_VERY_HIGH;
 173:Src/stm32f4xx_hal_msp.c ****     GPIO_InitStruct.Alternate = GPIO_AF7_USART2;
 174:Src/stm32f4xx_hal_msp.c ****     HAL_GPIO_Init(GPIOA, &GPIO_InitStruct);
 175:Src/stm32f4xx_hal_msp.c **** 
 176:Src/stm32f4xx_hal_msp.c ****   /* USER CODE BEGIN USART2_MspInit 1 */
 177:Src/stm32f4xx_hal_msp.c **** 
 178:Src/stm32f4xx_hal_msp.c ****   /* USER CODE END USART2_MspInit 1 */
 179:Src/stm32f4xx_hal_msp.c ****   }
 180:Src/stm32f4xx_hal_msp.c **** 
 181:Src/stm32f4xx_hal_msp.c **** }
ARM GAS  C:\Users\asafw\AppData\Local\Temp\ccDhd1eT.s 			page 10


 313              		.loc 1 181 1 view .LVU65
 314 0018 09B0     		add	sp, sp, #36
 315              	.LCFI10:
 316              		.cfi_remember_state
 317              		.cfi_def_cfa_offset 4
 318              		@ sp needed
 319 001a 5DF804FB 		ldr	pc, [sp], #4
 320              	.LVL13:
 321              	.L20:
 322              	.LCFI11:
 323              		.cfi_restore_state
 162:Src/stm32f4xx_hal_msp.c ****   
 324              		.loc 1 162 5 is_stmt 1 view .LVU66
 325              	.LBB6:
 162:Src/stm32f4xx_hal_msp.c ****   
 326              		.loc 1 162 5 view .LVU67
 327 001e 0022     		movs	r2, #0
 328 0020 0192     		str	r2, [sp, #4]
 162:Src/stm32f4xx_hal_msp.c ****   
 329              		.loc 1 162 5 view .LVU68
 330 0022 03F5FA33 		add	r3, r3, #128000
 331 0026 196C     		ldr	r1, [r3, #64]
 332 0028 41F40031 		orr	r1, r1, #131072
 333 002c 1964     		str	r1, [r3, #64]
 162:Src/stm32f4xx_hal_msp.c ****   
 334              		.loc 1 162 5 view .LVU69
 335 002e 196C     		ldr	r1, [r3, #64]
 336 0030 01F40031 		and	r1, r1, #131072
 337 0034 0191     		str	r1, [sp, #4]
 162:Src/stm32f4xx_hal_msp.c ****   
 338              		.loc 1 162 5 view .LVU70
 339 0036 0199     		ldr	r1, [sp, #4]
 340              	.LBE6:
 162:Src/stm32f4xx_hal_msp.c ****   
 341              		.loc 1 162 5 view .LVU71
 164:Src/stm32f4xx_hal_msp.c ****     /**USART2 GPIO Configuration    
 342              		.loc 1 164 5 view .LVU72
 343              	.LBB7:
 164:Src/stm32f4xx_hal_msp.c ****     /**USART2 GPIO Configuration    
 344              		.loc 1 164 5 view .LVU73
 345 0038 0292     		str	r2, [sp, #8]
 164:Src/stm32f4xx_hal_msp.c ****     /**USART2 GPIO Configuration    
 346              		.loc 1 164 5 view .LVU74
 347 003a 196B     		ldr	r1, [r3, #48]
 348 003c 41F00101 		orr	r1, r1, #1
 349 0040 1963     		str	r1, [r3, #48]
 164:Src/stm32f4xx_hal_msp.c ****     /**USART2 GPIO Configuration    
 350              		.loc 1 164 5 view .LVU75
 351 0042 1B6B     		ldr	r3, [r3, #48]
 352 0044 03F00103 		and	r3, r3, #1
 353 0048 0293     		str	r3, [sp, #8]
 164:Src/stm32f4xx_hal_msp.c ****     /**USART2 GPIO Configuration    
 354              		.loc 1 164 5 view .LVU76
 355 004a 029B     		ldr	r3, [sp, #8]
 356              	.LBE7:
 164:Src/stm32f4xx_hal_msp.c ****     /**USART2 GPIO Configuration    
 357              		.loc 1 164 5 view .LVU77
ARM GAS  C:\Users\asafw\AppData\Local\Temp\ccDhd1eT.s 			page 11


 169:Src/stm32f4xx_hal_msp.c ****     GPIO_InitStruct.Mode = GPIO_MODE_AF_PP;
 358              		.loc 1 169 5 view .LVU78
 169:Src/stm32f4xx_hal_msp.c ****     GPIO_InitStruct.Mode = GPIO_MODE_AF_PP;
 359              		.loc 1 169 25 is_stmt 0 view .LVU79
 360 004c 0C23     		movs	r3, #12
 361 004e 0393     		str	r3, [sp, #12]
 170:Src/stm32f4xx_hal_msp.c ****     GPIO_InitStruct.Pull = GPIO_NOPULL;
 362              		.loc 1 170 5 is_stmt 1 view .LVU80
 170:Src/stm32f4xx_hal_msp.c ****     GPIO_InitStruct.Pull = GPIO_NOPULL;
 363              		.loc 1 170 26 is_stmt 0 view .LVU81
 364 0050 0223     		movs	r3, #2
 365 0052 0493     		str	r3, [sp, #16]
 171:Src/stm32f4xx_hal_msp.c ****     GPIO_InitStruct.Speed = GPIO_SPEED_FREQ_VERY_HIGH;
 366              		.loc 1 171 5 is_stmt 1 view .LVU82
 171:Src/stm32f4xx_hal_msp.c ****     GPIO_InitStruct.Speed = GPIO_SPEED_FREQ_VERY_HIGH;
 367              		.loc 1 171 26 is_stmt 0 view .LVU83
 368 0054 0592     		str	r2, [sp, #20]
 172:Src/stm32f4xx_hal_msp.c ****     GPIO_InitStruct.Alternate = GPIO_AF7_USART2;
 369              		.loc 1 172 5 is_stmt 1 view .LVU84
 172:Src/stm32f4xx_hal_msp.c ****     GPIO_InitStruct.Alternate = GPIO_AF7_USART2;
 370              		.loc 1 172 27 is_stmt 0 view .LVU85
 371 0056 0323     		movs	r3, #3
 372 0058 0693     		str	r3, [sp, #24]
 173:Src/stm32f4xx_hal_msp.c ****     HAL_GPIO_Init(GPIOA, &GPIO_InitStruct);
 373              		.loc 1 173 5 is_stmt 1 view .LVU86
 173:Src/stm32f4xx_hal_msp.c ****     HAL_GPIO_Init(GPIOA, &GPIO_InitStruct);
 374              		.loc 1 173 31 is_stmt 0 view .LVU87
 375 005a 0723     		movs	r3, #7
 376 005c 0793     		str	r3, [sp, #28]
 174:Src/stm32f4xx_hal_msp.c **** 
 377              		.loc 1 174 5 is_stmt 1 view .LVU88
 378 005e 03A9     		add	r1, sp, #12
 379 0060 0248     		ldr	r0, .L21+4
 380              	.LVL14:
 174:Src/stm32f4xx_hal_msp.c **** 
 381              		.loc 1 174 5 is_stmt 0 view .LVU89
 382 0062 FFF7FEFF 		bl	HAL_GPIO_Init
 383              	.LVL15:
 384              		.loc 1 181 1 view .LVU90
 385 0066 D7E7     		b	.L17
 386              	.L22:
 387              		.align	2
 388              	.L21:
 389 0068 00440040 		.word	1073759232
 390 006c 00000240 		.word	1073872896
 391              		.cfi_endproc
 392              	.LFE133:
 394              		.section	.text.HAL_UART_MspDeInit,"ax",%progbits
 395              		.align	1
 396              		.global	HAL_UART_MspDeInit
 397              		.syntax unified
 398              		.thumb
 399              		.thumb_func
 400              		.fpu fpv4-sp-d16
 402              	HAL_UART_MspDeInit:
 403              	.LVL16:
 404              	.LFB134:
ARM GAS  C:\Users\asafw\AppData\Local\Temp\ccDhd1eT.s 			page 12


 182:Src/stm32f4xx_hal_msp.c **** 
 183:Src/stm32f4xx_hal_msp.c **** /**
 184:Src/stm32f4xx_hal_msp.c **** * @brief UART MSP De-Initialization
 185:Src/stm32f4xx_hal_msp.c **** * This function freeze the hardware resources used in this example
 186:Src/stm32f4xx_hal_msp.c **** * @param huart: UART handle pointer
 187:Src/stm32f4xx_hal_msp.c **** * @retval None
 188:Src/stm32f4xx_hal_msp.c **** */
 189:Src/stm32f4xx_hal_msp.c **** void HAL_UART_MspDeInit(UART_HandleTypeDef* huart)
 190:Src/stm32f4xx_hal_msp.c **** {
 405              		.loc 1 190 1 is_stmt 1 view -0
 406              		.cfi_startproc
 407              		@ args = 0, pretend = 0, frame = 0
 408              		@ frame_needed = 0, uses_anonymous_args = 0
 409              		.loc 1 190 1 is_stmt 0 view .LVU92
 410 0000 08B5     		push	{r3, lr}
 411              	.LCFI12:
 412              		.cfi_def_cfa_offset 8
 413              		.cfi_offset 3, -8
 414              		.cfi_offset 14, -4
 191:Src/stm32f4xx_hal_msp.c ****   if(huart->Instance==USART2)
 415              		.loc 1 191 3 is_stmt 1 view .LVU93
 416              		.loc 1 191 11 is_stmt 0 view .LVU94
 417 0002 0268     		ldr	r2, [r0]
 418              		.loc 1 191 5 view .LVU95
 419 0004 064B     		ldr	r3, .L27
 420 0006 9A42     		cmp	r2, r3
 421 0008 00D0     		beq	.L26
 422              	.LVL17:
 423              	.L23:
 192:Src/stm32f4xx_hal_msp.c ****   {
 193:Src/stm32f4xx_hal_msp.c ****   /* USER CODE BEGIN USART2_MspDeInit 0 */
 194:Src/stm32f4xx_hal_msp.c **** 
 195:Src/stm32f4xx_hal_msp.c ****   /* USER CODE END USART2_MspDeInit 0 */
 196:Src/stm32f4xx_hal_msp.c ****     /* Peripheral clock disable */
 197:Src/stm32f4xx_hal_msp.c ****     __HAL_RCC_USART2_CLK_DISABLE();
 198:Src/stm32f4xx_hal_msp.c ****   
 199:Src/stm32f4xx_hal_msp.c ****     /**USART2 GPIO Configuration    
 200:Src/stm32f4xx_hal_msp.c ****     PA2     ------> USART2_TX
 201:Src/stm32f4xx_hal_msp.c ****     PA3     ------> USART2_RX 
 202:Src/stm32f4xx_hal_msp.c ****     */
 203:Src/stm32f4xx_hal_msp.c ****     HAL_GPIO_DeInit(GPIOA, USART_TX_Pin|USART_RX_Pin);
 204:Src/stm32f4xx_hal_msp.c **** 
 205:Src/stm32f4xx_hal_msp.c ****   /* USER CODE BEGIN USART2_MspDeInit 1 */
 206:Src/stm32f4xx_hal_msp.c **** 
 207:Src/stm32f4xx_hal_msp.c ****   /* USER CODE END USART2_MspDeInit 1 */
 208:Src/stm32f4xx_hal_msp.c ****   }
 209:Src/stm32f4xx_hal_msp.c **** 
 210:Src/stm32f4xx_hal_msp.c **** }
 424              		.loc 1 210 1 view .LVU96
 425 000a 08BD     		pop	{r3, pc}
 426              	.LVL18:
 427              	.L26:
 197:Src/stm32f4xx_hal_msp.c ****   
 428              		.loc 1 197 5 is_stmt 1 view .LVU97
 429 000c 054A     		ldr	r2, .L27+4
 430 000e 136C     		ldr	r3, [r2, #64]
 431 0010 23F40033 		bic	r3, r3, #131072
ARM GAS  C:\Users\asafw\AppData\Local\Temp\ccDhd1eT.s 			page 13


 432 0014 1364     		str	r3, [r2, #64]
 203:Src/stm32f4xx_hal_msp.c **** 
 433              		.loc 1 203 5 view .LVU98
 434 0016 0C21     		movs	r1, #12
 435 0018 0348     		ldr	r0, .L27+8
 436              	.LVL19:
 203:Src/stm32f4xx_hal_msp.c **** 
 437              		.loc 1 203 5 is_stmt 0 view .LVU99
 438 001a FFF7FEFF 		bl	HAL_GPIO_DeInit
 439              	.LVL20:
 440              		.loc 1 210 1 view .LVU100
 441 001e F4E7     		b	.L23
 442              	.L28:
 443              		.align	2
 444              	.L27:
 445 0020 00440040 		.word	1073759232
 446 0024 00380240 		.word	1073887232
 447 0028 00000240 		.word	1073872896
 448              		.cfi_endproc
 449              	.LFE134:
 451              		.text
 452              	.Letext0:
 453              		.file 2 "c:\\program files (x86)\\gnu arm embedded toolchain\\9 2020-q2-update\\arm-none-eabi\\inc
 454              		.file 3 "c:\\program files (x86)\\gnu arm embedded toolchain\\9 2020-q2-update\\arm-none-eabi\\inc
 455              		.file 4 "Drivers/CMSIS/Include/core_cm4.h"
 456              		.file 5 "Drivers/CMSIS/Device/ST/STM32F4xx/Include/system_stm32f4xx.h"
 457              		.file 6 "Drivers/CMSIS/Device/ST/STM32F4xx/Include/stm32f446xx.h"
 458              		.file 7 "Drivers/STM32F4xx_HAL_Driver/Inc/stm32f4xx_hal_def.h"
 459              		.file 8 "Drivers/STM32F4xx_HAL_Driver/Inc/stm32f4xx_hal_gpio.h"
 460              		.file 9 "Drivers/STM32F4xx_HAL_Driver/Inc/stm32f4xx_hal_dma.h"
 461              		.file 10 "Drivers/STM32F4xx_HAL_Driver/Inc/stm32f4xx_hal_i2c.h"
 462              		.file 11 "Drivers/STM32F4xx_HAL_Driver/Inc/stm32f4xx_hal_uart.h"
 463              		.file 12 "Drivers/STM32F4xx_HAL_Driver/Inc/stm32f4xx_hal.h"
 464              		.file 13 "c:\\program files (x86)\\gnu arm embedded toolchain\\9 2020-q2-update\\arm-none-eabi\\in
 465              		.file 14 "Inc/vl6180x_api.h"
 466              		.file 15 "Drivers/STM32F4xx_HAL_Driver/Inc/stm32f4xx_hal_cortex.h"
ARM GAS  C:\Users\asafw\AppData\Local\Temp\ccDhd1eT.s 			page 14


DEFINED SYMBOLS
                            *ABS*:00000000 stm32f4xx_hal_msp.c
C:\Users\asafw\AppData\Local\Temp\ccDhd1eT.s:18     .text.HAL_MspInit:00000000 $t
C:\Users\asafw\AppData\Local\Temp\ccDhd1eT.s:26     .text.HAL_MspInit:00000000 HAL_MspInit
C:\Users\asafw\AppData\Local\Temp\ccDhd1eT.s:87     .text.HAL_MspInit:0000003c $d
C:\Users\asafw\AppData\Local\Temp\ccDhd1eT.s:92     .text.HAL_I2C_MspInit:00000000 $t
C:\Users\asafw\AppData\Local\Temp\ccDhd1eT.s:99     .text.HAL_I2C_MspInit:00000000 HAL_I2C_MspInit
C:\Users\asafw\AppData\Local\Temp\ccDhd1eT.s:210    .text.HAL_I2C_MspInit:00000068 $d
C:\Users\asafw\AppData\Local\Temp\ccDhd1eT.s:217    .text.HAL_I2C_MspDeInit:00000000 $t
C:\Users\asafw\AppData\Local\Temp\ccDhd1eT.s:224    .text.HAL_I2C_MspDeInit:00000000 HAL_I2C_MspDeInit
C:\Users\asafw\AppData\Local\Temp\ccDhd1eT.s:267    .text.HAL_I2C_MspDeInit:00000020 $d
C:\Users\asafw\AppData\Local\Temp\ccDhd1eT.s:274    .text.HAL_UART_MspInit:00000000 $t
C:\Users\asafw\AppData\Local\Temp\ccDhd1eT.s:281    .text.HAL_UART_MspInit:00000000 HAL_UART_MspInit
C:\Users\asafw\AppData\Local\Temp\ccDhd1eT.s:389    .text.HAL_UART_MspInit:00000068 $d
C:\Users\asafw\AppData\Local\Temp\ccDhd1eT.s:395    .text.HAL_UART_MspDeInit:00000000 $t
C:\Users\asafw\AppData\Local\Temp\ccDhd1eT.s:402    .text.HAL_UART_MspDeInit:00000000 HAL_UART_MspDeInit
C:\Users\asafw\AppData\Local\Temp\ccDhd1eT.s:445    .text.HAL_UART_MspDeInit:00000020 $d

UNDEFINED SYMBOLS
HAL_NVIC_SetPriorityGrouping
HAL_GPIO_Init
HAL_GPIO_DeInit
